<?xml version="1.0" encoding="UTF-8"?>
<!-- Generated by org.testng.reporters.JUnitXMLReporter -->
<testsuite hostname="MindSDET415" ignored="0" name="Surefire test" tests="4" failures="1" timestamp="16 Dec 2021 11:17:07 GMT" time="21.865" errors="0">
  <testcase name="navigation" time="13.775" classname="mindtree.amzonTest.operationsTest"/>
  <testcase name="searchModel" time="6.141" classname="mindtree.amzonTest.operationsTest"/>
  <testcase name="oldPrice" time="0.308" classname="mindtree.amzonTest.operationsTest"/>
  <testcase name="newPriceandComparison" time="0.632" classname="mindtree.amzonTest.operationsTest">
    <failure type="java.lang.AssertionError" message="expected [false] but found [true]">
      <![CDATA[java.lang.AssertionError: expected [false] but found [true]
at mindtree.amzonTest.operationsTest.newPriceandComparison(operationsTest.java:157)
... Removed 34 stack frames]]>
    </failure>
  </testcase> <!-- newPriceandComparison -->
</testsuite> <!-- Surefire test -->
