-------------------------------------------------------------------------------
Test set: mindtree.amzonTest.operationsTest
-------------------------------------------------------------------------------
Tests run: 4, Failures: 1, Errors: 0, Skipped: 0, Time elapsed: 22.701 s <<< FAILURE! - in mindtree.amzonTest.operationsTest
newPriceandComparison(mindtree.amzonTest.operationsTest)  Time elapsed: 0.645 s  <<< FAILURE!
java.lang.AssertionError: expected [false] but found [true]
	at mindtree.amzonTest.operationsTest.newPriceandComparison(operationsTest.java:157)

