<?xml version="1.0" encoding="UTF-8"?>
<testsuite xmlns:xsi="http://www.w3.org/2001/XMLSchema-instance" xsi:noNamespaceSchemaLocation="https://maven.apache.org/surefire/maven-surefire-plugin/xsd/surefire-test-report.xsd" name="mindtree.amzonTest.operationsTest" time="22.701" tests="4" errors="0" skipped="0" failures="1">
  <properties>
[...]
</properties>
  <testcase name="navigation" classname="mindtree.amzonTest.operationsTest" time="13.78"/>
  <testcase name="searchModel" classname="mindtree.amzonTest.operationsTest" time="6.139"/>
  <testcase name="oldPrice" classname="mindtree.amzonTest.operationsTest" time="0.311"/>
  <testcase name="newPriceandComparison" classname="mindtree.amzonTest.operationsTest" time="0.645">
    <failure message="expected [false] but found [true]" type="java.lang.AssertionError">java.lang.AssertionError: expected [false] but found [true]
	at mindtree.amzonTest.operationsTest.newPriceandComparison(operationsTest.java:157)
</failure>
    <system-out><![CDATA[[main] ERROR mindtree.amzonTest.operationsTest  - Search model did not meet the criteria
]]></system-out>
  </testcase>
</testsuite>